<?xml version="1.0" encoding="UTF-8"?>
<!-- Generated by org.testng.reporters.JUnitReportReporter -->
<testsuite hostname="Lenovo-PC" failures="0" tests="2" name="com.jc.testappium.TestingCalc" time="13.473" errors="0" timestamp="2022-01-06T20:35:37 WIB" skipped="0">
  <testcase classname="com.jc.testappium.TestingCalc" name="tes2Perkalian" time="6.227"/>
  <system-out/>
  <testcase classname="com.jc.testappium.TestingCalc" name="tes1Tambah" time="7.246"/>
  <system-out/>
</testsuite> <!-- com.jc.testappium.TestingCalc -->
